[debug] [2017-12-16T14:52:02.449Z] ----------------------------------------------------------------------
[debug] [2017-12-16T14:52:02.452Z] Command:       /usr/local/bin/node /usr/local/bin/firebase deploy --only functions
[debug] [2017-12-16T14:52:02.452Z] CLI Version:   3.16.0
[debug] [2017-12-16T14:52:02.452Z] Platform:      darwin
[debug] [2017-12-16T14:52:02.452Z] Node Version:  v6.11.5
[debug] [2017-12-16T14:52:02.452Z] Time:          Sat Dec 16 2017 15:52:02 GMT+0100 (CET)
[debug] [2017-12-16T14:52:02.452Z] ----------------------------------------------------------------------
[debug] 
[debug] [2017-12-16T14:52:02.466Z] > command requires scopes: ["email","openid","https://www.googleapis.com/auth/cloudplatformprojects.readonly","https://www.googleapis.com/auth/firebase","https://www.googleapis.com/auth/cloud-platform"]
[debug] [2017-12-16T14:52:02.466Z] > authorizing via signed-in user
[debug] [2017-12-16T14:52:02.468Z] >>> HTTP REQUEST GET https://admin.firebase.com/v1/projects/horo-ios  
  
 Sat Dec 16 2017 15:52:02 GMT+0100 (CET)
[debug] [2017-12-16T14:52:03.208Z] <<< HTTP RESPONSE 200
[debug] [2017-12-16T14:52:03.209Z] >>> HTTP REQUEST GET https://admin.firebase.com/v1/database/horo-ios/tokens  
  
 Sat Dec 16 2017 15:52:03 GMT+0100 (CET)
[debug] [2017-12-16T14:52:03.841Z] <<< HTTP RESPONSE 200
[info] 
[info] === Deploying to 'horo-ios'...
[info] 
[info] i  deploying functions
[debug] [2017-12-16T14:52:04.524Z] > [functions] package.json contents: {
  "name": "functions",
  "description": "Cloud Functions for Firebase",
  "scripts": {
    "serve": "firebase serve --only functions",
    "shell": "firebase experimental:functions:shell",
    "start": "npm run shell",
    "deploy": "firebase deploy --only functions",
    "logs": "firebase functions:log"
  },
  "dependencies": {
    "@google-cloud/firestore": "^0.10.0",
    "firebase-admin": "~5.4.2",
    "firebase-functions": "^0.7.1",
    "zombie": "5.0.7",
    "jsonfile": "4.0.0"
  },
  "private": true,
  "version": "1.0.0",
  "main": "index.js",
  "devDependencies": {},
  "author": "Bodhicitta",
  "license": "ISC"
}
[info] i  functions: ensuring necessary APIs are enabled...
[debug] [2017-12-16T14:52:04.526Z] >>> HTTP REQUEST GET https://servicemanagement.googleapis.com/v1/services/cloudfunctions.googleapis.com/projectSettings/horo-ios?view=CONSUMER_VIEW  
  
 Sat Dec 16 2017 15:52:04 GMT+0100 (CET)
[debug] [2017-12-16T14:52:04.526Z] >>> HTTP REQUEST GET https://servicemanagement.googleapis.com/v1/services/runtimeconfig.googleapis.com/projectSettings/horo-ios?view=CONSUMER_VIEW  
  
 Sat Dec 16 2017 15:52:04 GMT+0100 (CET)
[debug] [2017-12-16T14:52:05.578Z] <<< HTTP RESPONSE 200
[debug] [2017-12-16T14:52:05.698Z] <<< HTTP RESPONSE 200
[info] ✔  functions: all necessary APIs are enabled
[debug] [2017-12-16T14:52:05.700Z] >>> HTTP REQUEST GET https://appengine.googleapis.com/v1/apps/horo-ios  
  
 Sat Dec 16 2017 15:52:05 GMT+0100 (CET)
[debug] [2017-12-16T14:52:05.701Z] >>> HTTP REQUEST GET https://apikeys.googleapis.com/v1/projects/horo-ios/apiKeys  
  
 Sat Dec 16 2017 15:52:05 GMT+0100 (CET)
[debug] [2017-12-16T14:52:06.492Z] <<< HTTP RESPONSE 200
[debug] [2017-12-16T14:52:06.696Z] <<< HTTP RESPONSE 200
[info] i  functions: preparing functions directory for uploading...
[debug] [2017-12-16T14:52:15.720Z] >>> HTTP REQUEST GET https://runtimeconfig.googleapis.com/v1beta1/projects/horo-ios/configs  
  
 Sat Dec 16 2017 15:52:15 GMT+0100 (CET)
[debug] [2017-12-16T14:52:47.964Z] ----------------------------------------------------------------------
[debug] [2017-12-16T14:52:47.967Z] Command:       /usr/local/bin/node /usr/local/bin/firebase deploy --only functions
[debug] [2017-12-16T14:52:47.967Z] CLI Version:   3.16.0
[debug] [2017-12-16T14:52:47.967Z] Platform:      darwin
[debug] [2017-12-16T14:52:47.967Z] Node Version:  v6.11.5
[debug] [2017-12-16T14:52:47.968Z] Time:          Sat Dec 16 2017 15:52:47 GMT+0100 (CET)
[debug] [2017-12-16T14:52:47.968Z] ----------------------------------------------------------------------
[debug] 
[debug] [2017-12-16T14:52:47.981Z] > command requires scopes: ["email","openid","https://www.googleapis.com/auth/cloudplatformprojects.readonly","https://www.googleapis.com/auth/firebase","https://www.googleapis.com/auth/cloud-platform"]
[debug] [2017-12-16T14:52:47.982Z] > authorizing via signed-in user
[debug] [2017-12-16T14:52:47.984Z] >>> HTTP REQUEST GET https://admin.firebase.com/v1/projects/horo-ios  
  
 Sat Dec 16 2017 15:52:47 GMT+0100 (CET)
[debug] [2017-12-16T14:52:48.731Z] <<< HTTP RESPONSE 200
[debug] [2017-12-16T14:52:48.732Z] >>> HTTP REQUEST GET https://admin.firebase.com/v1/database/horo-ios/tokens  
  
 Sat Dec 16 2017 15:52:48 GMT+0100 (CET)
[debug] [2017-12-16T14:52:49.474Z] <<< HTTP RESPONSE 200
[info] 
[info] === Deploying to 'horo-ios'...
[info] 
[info] i  deploying functions
[debug] [2017-12-16T14:52:50.191Z] > [functions] package.json contents: {
  "name": "functions",
  "description": "Cloud Functions for Firebase",
  "scripts": {
    "serve": "firebase serve --only functions",
    "shell": "firebase experimental:functions:shell",
    "start": "npm run shell",
    "deploy": "firebase deploy --only functions",
    "logs": "firebase functions:log"
  },
  "dependencies": {
    "@google-cloud/firestore": "^0.10.0",
    "firebase-admin": "~5.4.2",
    "firebase-functions": "^0.7.1",
    "zombie": "5.0.7",
    "jsonfile": "4.0.0",
    "gumbo-parser": "0.3.0"
  },
  "private": true,
  "version": "1.0.0",
  "main": "index.js",
  "devDependencies": {},
  "author": "Bodhicitta",
  "license": "ISC"
}
[info] i  functions: ensuring necessary APIs are enabled...
[debug] [2017-12-16T14:52:50.193Z] >>> HTTP REQUEST GET https://servicemanagement.googleapis.com/v1/services/cloudfunctions.googleapis.com/projectSettings/horo-ios?view=CONSUMER_VIEW  
  
 Sat Dec 16 2017 15:52:50 GMT+0100 (CET)
[debug] [2017-12-16T14:52:50.193Z] >>> HTTP REQUEST GET https://servicemanagement.googleapis.com/v1/services/runtimeconfig.googleapis.com/projectSettings/horo-ios?view=CONSUMER_VIEW  
  
 Sat Dec 16 2017 15:52:50 GMT+0100 (CET)
[debug] [2017-12-16T14:52:51.292Z] <<< HTTP RESPONSE 200
[debug] [2017-12-16T14:52:51.305Z] <<< HTTP RESPONSE 200
[info] ✔  functions: all necessary APIs are enabled
[debug] [2017-12-16T14:52:51.307Z] >>> HTTP REQUEST GET https://appengine.googleapis.com/v1/apps/horo-ios  
  
 Sat Dec 16 2017 15:52:51 GMT+0100 (CET)
[debug] [2017-12-16T14:52:51.307Z] >>> HTTP REQUEST GET https://apikeys.googleapis.com/v1/projects/horo-ios/apiKeys  
  
 Sat Dec 16 2017 15:52:51 GMT+0100 (CET)
[debug] [2017-12-16T14:52:52.131Z] <<< HTTP RESPONSE 200
[debug] [2017-12-16T14:52:52.301Z] <<< HTTP RESPONSE 200
[info] i  functions: preparing functions directory for uploading...
[debug] [2017-12-16T14:53:01.717Z] >>> HTTP REQUEST GET https://runtimeconfig.googleapis.com/v1beta1/projects/horo-ios/configs  
  
 Sat Dec 16 2017 15:53:01 GMT+0100 (CET)
[debug] [2017-12-16T14:53:02.499Z] <<< HTTP RESPONSE 200
[info] i  functions: packaged functions (6.64 KB) for uploading
[debug] [2017-12-16T14:53:12.681Z] >>> HTTP REQUEST GET https://www.googleapis.com/storage/v1/b/staging.horo-ios.appspot.com  
  
 Sat Dec 16 2017 15:53:12 GMT+0100 (CET)
[debug] [2017-12-16T14:53:12.957Z] <<< HTTP RESPONSE 200
[debug] [2017-12-16T14:53:12.958Z] >>> HTTP REQUEST POST https://www.googleapis.com/upload/storage/v1/b/staging.horo-ios.appspot.com/o?uploadType=media&name=firebase-functions-source  
 ReadStream {
  _readableState: 
   ReadableState {
     objectMode: false,
     highWaterMark: 65536,
     buffer: BufferList { head: [Object], tail: [Object], length: 1 },
     length: 6798,
     pipes: null,
     pipesCount: 0,
     flowing: null,
     ended: true,
     endEmitted: false,
     reading: false,
     sync: false,
     needReadable: false,
     emittedReadable: true,
     readableListening: false,
     resumeScheduled: false,
     defaultEncoding: 'utf8',
     ranOut: false,
     awaitDrain: 0,
     readingMore: false,
     decoder: null,
     encoding: null },
  readable: true,
  domain: null,
  _events: { end: [Function] },
  _eventsCount: 1,
  _maxListeners: undefined,
  path: '/var/folders/5l/4pn94r7j34s6_zb2hbdsdzqh0000gp/T/firebase-functions-42788SCWm5d23dlLe.zip',
  fd: 18,
  flags: 'r',
  mode: 438,
  start: undefined,
  end: undefined,
  autoClose: true,
  pos: undefined,
  bytesRead: 6798 } 
 Sat Dec 16 2017 15:53:12 GMT+0100 (CET)
[debug] [2017-12-16T14:53:13.484Z] <<< HTTP RESPONSE 200
[info] ✔  functions: functions folder uploaded successfully
[debug] [2017-12-16T14:53:13.487Z] >>> HTTP REQUEST GET https://cloudfunctions.googleapis.com/v1/projects/horo-ios/locations/us-central1/functions  
  
 Sat Dec 16 2017 15:53:13 GMT+0100 (CET)
[debug] [2017-12-16T14:53:13.767Z] <<< HTTP RESPONSE 200
[info] i  functions: updating function addNextMessage...
[debug] [2017-12-16T14:53:13.772Z] Trigger is:  {"httpsTrigger":{}}
[info] i  functions: updating function makeUppercase...
[debug] [2017-12-16T14:53:13.772Z] Trigger is:  {"eventTrigger":{"resource":"projects/_/instances/horo-ios/refs/messages/{pushId}/original","eventType":"providers/google.firebase.database/eventTypes/ref.write"}}
[debug] [2017-12-16T14:53:13.774Z] >>> HTTP REQUEST PATCH https://cloudfunctions.googleapis.com/v1/projects/horo-ios/locations/us-central1/functions/addNextMessage 
query params: {"updateMask":"sourceArchiveUrl,name,labels,httpsTrigger"} 
 { sourceArchiveUrl: 'gs://staging.horo-ios.appspot.com/firebase-functions-source',
  name: 'projects/horo-ios/locations/us-central1/functions/addNextMessage',
  labels: { 'deployment-tool': 'cli-firebase' },
  httpsTrigger: {} } 
 Sat Dec 16 2017 15:53:13 GMT+0100 (CET)
[debug] [2017-12-16T14:53:13.777Z] >>> HTTP REQUEST PATCH https://cloudfunctions.googleapis.com/v1/projects/horo-ios/locations/us-central1/functions/makeUppercase 
query params: {"updateMask":"sourceArchiveUrl,name,labels,eventTrigger.resource,eventTrigger.eventType"} 
 { sourceArchiveUrl: 'gs://staging.horo-ios.appspot.com/firebase-functions-source',
  name: 'projects/horo-ios/locations/us-central1/functions/makeUppercase',
  labels: { 'deployment-tool': 'cli-firebase' },
  eventTrigger: 
   { resource: 'projects/_/instances/horo-ios/refs/messages/{pushId}/original',
     eventType: 'providers/google.firebase.database/eventTypes/ref.write' } } 
 Sat Dec 16 2017 15:53:13 GMT+0100 (CET)
[debug] [2017-12-16T14:53:14.102Z] <<< HTTP RESPONSE 200
[debug] [2017-12-16T14:53:14.104Z] <<< HTTP RESPONSE 200
[debug] [2017-12-16T14:53:14.107Z] >>> HTTP REQUEST GET https://cloudfunctions.googleapis.com/v1/projects/horo-ios/locations/us-central1/functions  
  
 Sat Dec 16 2017 15:53:14 GMT+0100 (CET)
[debug] [2017-12-16T14:53:14.343Z] <<< HTTP RESPONSE 200
[debug] [2017-12-16T14:53:14.346Z] >>> HTTP REQUEST GET https://cloudfunctions.googleapis.com/v1/operations/aG9yby1pb3MvdXMtY2VudHJhbDEvYWRkTmV4dE1lc3NhZ2UvOU5HSko1enJUME0  
  
 Sat Dec 16 2017 15:53:14 GMT+0100 (CET)
[debug] [2017-12-16T14:53:14.346Z] >>> HTTP REQUEST GET https://cloudfunctions.googleapis.com/v1/operations/aG9yby1pb3MvdXMtY2VudHJhbDEvbWFrZVVwcGVyY2FzZS9fS3R5aUN0SlpBVQ  
  
 Sat Dec 16 2017 15:53:14 GMT+0100 (CET)
[debug] [2017-12-16T14:53:14.541Z] <<< HTTP RESPONSE 200
[debug] [2017-12-16T14:53:14.548Z] <<< HTTP RESPONSE 200
[debug] [2017-12-16T14:53:16.542Z] >>> HTTP REQUEST GET https://cloudfunctions.googleapis.com/v1/operations/aG9yby1pb3MvdXMtY2VudHJhbDEvbWFrZVVwcGVyY2FzZS9fS3R5aUN0SlpBVQ  
  
 Sat Dec 16 2017 15:53:16 GMT+0100 (CET)
[debug] [2017-12-16T14:53:16.549Z] >>> HTTP REQUEST GET https://cloudfunctions.googleapis.com/v1/operations/aG9yby1pb3MvdXMtY2VudHJhbDEvYWRkTmV4dE1lc3NhZ2UvOU5HSko1enJUME0  
  
 Sat Dec 16 2017 15:53:16 GMT+0100 (CET)
[debug] [2017-12-16T14:53:16.734Z] <<< HTTP RESPONSE 200
[debug] [2017-12-16T14:53:16.746Z] <<< HTTP RESPONSE 200
[debug] [2017-12-16T14:53:18.740Z] >>> HTTP REQUEST GET https://cloudfunctions.googleapis.com/v1/operations/aG9yby1pb3MvdXMtY2VudHJhbDEvbWFrZVVwcGVyY2FzZS9fS3R5aUN0SlpBVQ  
  
 Sat Dec 16 2017 15:53:18 GMT+0100 (CET)
[debug] [2017-12-16T14:53:18.747Z] >>> HTTP REQUEST GET https://cloudfunctions.googleapis.com/v1/operations/aG9yby1pb3MvdXMtY2VudHJhbDEvYWRkTmV4dE1lc3NhZ2UvOU5HSko1enJUME0  
  
 Sat Dec 16 2017 15:53:18 GMT+0100 (CET)
[debug] [2017-12-16T14:53:18.933Z] <<< HTTP RESPONSE 200
[debug] [2017-12-16T14:53:18.935Z] <<< HTTP RESPONSE 200
[debug] [2017-12-16T14:53:20.935Z] >>> HTTP REQUEST GET https://cloudfunctions.googleapis.com/v1/operations/aG9yby1pb3MvdXMtY2VudHJhbDEvYWRkTmV4dE1lc3NhZ2UvOU5HSko1enJUME0  
  
 Sat Dec 16 2017 15:53:20 GMT+0100 (CET)
[debug] [2017-12-16T14:53:20.936Z] >>> HTTP REQUEST GET https://cloudfunctions.googleapis.com/v1/operations/aG9yby1pb3MvdXMtY2VudHJhbDEvbWFrZVVwcGVyY2FzZS9fS3R5aUN0SlpBVQ  
  
 Sat Dec 16 2017 15:53:20 GMT+0100 (CET)
[debug] [2017-12-16T14:53:21.156Z] <<< HTTP RESPONSE 200
[debug] [2017-12-16T14:53:21.160Z] <<< HTTP RESPONSE 200
[debug] [2017-12-16T14:53:23.161Z] >>> HTTP REQUEST GET https://cloudfunctions.googleapis.com/v1/operations/aG9yby1pb3MvdXMtY2VudHJhbDEvYWRkTmV4dE1lc3NhZ2UvOU5HSko1enJUME0  
  
 Sat Dec 16 2017 15:53:23 GMT+0100 (CET)
[debug] [2017-12-16T14:53:23.162Z] >>> HTTP REQUEST GET https://cloudfunctions.googleapis.com/v1/operations/aG9yby1pb3MvdXMtY2VudHJhbDEvbWFrZVVwcGVyY2FzZS9fS3R5aUN0SlpBVQ  
  
 Sat Dec 16 2017 15:53:23 GMT+0100 (CET)
[debug] [2017-12-16T14:53:23.362Z] <<< HTTP RESPONSE 200
[debug] [2017-12-16T14:53:23.363Z] <<< HTTP RESPONSE 200
[debug] [2017-12-16T14:53:25.367Z] >>> HTTP REQUEST GET https://cloudfunctions.googleapis.com/v1/operations/aG9yby1pb3MvdXMtY2VudHJhbDEvYWRkTmV4dE1lc3NhZ2UvOU5HSko1enJUME0  
  
 Sat Dec 16 2017 15:53:25 GMT+0100 (CET)
[debug] [2017-12-16T14:53:25.368Z] >>> HTTP REQUEST GET https://cloudfunctions.googleapis.com/v1/operations/aG9yby1pb3MvdXMtY2VudHJhbDEvbWFrZVVwcGVyY2FzZS9fS3R5aUN0SlpBVQ  
  
 Sat Dec 16 2017 15:53:25 GMT+0100 (CET)
[debug] [2017-12-16T14:53:25.592Z] <<< HTTP RESPONSE 200
[debug] [2017-12-16T14:53:25.593Z] <<< HTTP RESPONSE 200
[debug] [2017-12-16T14:53:27.598Z] >>> HTTP REQUEST GET https://cloudfunctions.googleapis.com/v1/operations/aG9yby1pb3MvdXMtY2VudHJhbDEvbWFrZVVwcGVyY2FzZS9fS3R5aUN0SlpBVQ  
  
 Sat Dec 16 2017 15:53:27 GMT+0100 (CET)
[debug] [2017-12-16T14:53:27.599Z] >>> HTTP REQUEST GET https://cloudfunctions.googleapis.com/v1/operations/aG9yby1pb3MvdXMtY2VudHJhbDEvYWRkTmV4dE1lc3NhZ2UvOU5HSko1enJUME0  
  
 Sat Dec 16 2017 15:53:27 GMT+0100 (CET)
[debug] [2017-12-16T14:53:27.808Z] <<< HTTP RESPONSE 200
[debug] [2017-12-16T14:53:27.809Z] <<< HTTP RESPONSE 200
